{"/Users/shivamujjainwal/Documents/Documents - Shivam’s MacBook Pro/Centennial Software Engineering Technology/semester 3/Software Development Project 1/academic-management-platform/academic-management-platform-backend/src/controllers/userController.js": {"path":"/Users/shivamujjainwal/Documents/Documents - Shivam’s MacBook Pro/Centennial Software Engineering Technology/semester 3/Software Development Project 1/academic-management-platform/academic-management-platform-backend/src/controllers/userController.js","statementMap":{"0":{"start":{"line":21,"column":19},"end":{"line":39,"column":1}},"1":{"start":{"line":22,"column":2},"end":{"line":38,"column":3}},"2":{"start":{"line":23,"column":69},"end":{"line":23,"column":77}},"3":{"start":{"line":26,"column":25},"end":{"line":26,"column":54}},"4":{"start":{"line":27,"column":4},"end":{"line":29,"column":5}},"5":{"start":{"line":28,"column":6},"end":{"line":28,"column":71}},"6":{"start":{"line":32,"column":27},"end":{"line":32,"column":58}},"7":{"start":{"line":33,"column":20},"end":{"line":33,"column":102}},"8":{"start":{"line":34,"column":22},"end":{"line":34,"column":42}},"9":{"start":{"line":35,"column":4},"end":{"line":35,"column":36}},"10":{"start":{"line":37,"column":4},"end":{"line":37,"column":83}},"11":{"start":{"line":52,"column":20},"end":{"line":63,"column":1}},"12":{"start":{"line":53,"column":2},"end":{"line":62,"column":3}},"13":{"start":{"line":54,"column":19},"end":{"line":54,"column":29}},"14":{"start":{"line":55,"column":17},"end":{"line":55,"column":40}},"15":{"start":{"line":56,"column":4},"end":{"line":58,"column":5}},"16":{"start":{"line":57,"column":6},"end":{"line":57,"column":65}},"17":{"start":{"line":59,"column":4},"end":{"line":59,"column":31}},"18":{"start":{"line":61,"column":4},"end":{"line":61,"column":83}},"19":{"start":{"line":74,"column":20},"end":{"line":81,"column":1}},"20":{"start":{"line":75,"column":2},"end":{"line":80,"column":3}},"21":{"start":{"line":76,"column":18},"end":{"line":76,"column":35}},"22":{"start":{"line":77,"column":4},"end":{"line":77,"column":32}},"23":{"start":{"line":79,"column":4},"end":{"line":79,"column":84}},"24":{"start":{"line":100,"column":19},"end":{"line":116,"column":1}},"25":{"start":{"line":101,"column":2},"end":{"line":115,"column":3}},"26":{"start":{"line":102,"column":19},"end":{"line":102,"column":29}},"27":{"start":{"line":103,"column":59},"end":{"line":103,"column":67}},"28":{"start":{"line":104,"column":24},"end":{"line":108,"column":5}},"29":{"start":{"line":109,"column":4},"end":{"line":111,"column":5}},"30":{"start":{"line":110,"column":6},"end":{"line":110,"column":65}},"31":{"start":{"line":112,"column":4},"end":{"line":112,"column":38}},"32":{"start":{"line":114,"column":4},"end":{"line":114,"column":83}},"33":{"start":{"line":129,"column":19},"end":{"line":140,"column":1}},"34":{"start":{"line":130,"column":2},"end":{"line":139,"column":3}},"35":{"start":{"line":131,"column":19},"end":{"line":131,"column":29}},"36":{"start":{"line":132,"column":24},"end":{"line":132,"column":56}},"37":{"start":{"line":133,"column":4},"end":{"line":135,"column":5}},"38":{"start":{"line":134,"column":6},"end":{"line":134,"column":65}},"39":{"start":{"line":136,"column":4},"end":{"line":136,"column":67}},"40":{"start":{"line":138,"column":4},"end":{"line":138,"column":83}}},"fnMap":{"0":{"name":"(anonymous_0)","decl":{"start":{"line":21,"column":19},"end":{"line":21,"column":20}},"loc":{"start":{"line":21,"column":39},"end":{"line":39,"column":1}},"line":21},"1":{"name":"(anonymous_1)","decl":{"start":{"line":52,"column":20},"end":{"line":52,"column":21}},"loc":{"start":{"line":52,"column":40},"end":{"line":63,"column":1}},"line":52},"2":{"name":"(anonymous_2)","decl":{"start":{"line":74,"column":20},"end":{"line":74,"column":21}},"loc":{"start":{"line":74,"column":40},"end":{"line":81,"column":1}},"line":74},"3":{"name":"(anonymous_3)","decl":{"start":{"line":100,"column":19},"end":{"line":100,"column":20}},"loc":{"start":{"line":100,"column":39},"end":{"line":116,"column":1}},"line":100},"4":{"name":"(anonymous_4)","decl":{"start":{"line":129,"column":19},"end":{"line":129,"column":20}},"loc":{"start":{"line":129,"column":39},"end":{"line":140,"column":1}},"line":129}},"branchMap":{"0":{"loc":{"start":{"line":27,"column":4},"end":{"line":29,"column":5}},"type":"if","locations":[{"start":{"line":27,"column":4},"end":{"line":29,"column":5}},{"start":{},"end":{}}],"line":27},"1":{"loc":{"start":{"line":56,"column":4},"end":{"line":58,"column":5}},"type":"if","locations":[{"start":{"line":56,"column":4},"end":{"line":58,"column":5}},{"start":{},"end":{}}],"line":56},"2":{"loc":{"start":{"line":109,"column":4},"end":{"line":111,"column":5}},"type":"if","locations":[{"start":{"line":109,"column":4},"end":{"line":111,"column":5}},{"start":{},"end":{}}],"line":109},"3":{"loc":{"start":{"line":133,"column":4},"end":{"line":135,"column":5}},"type":"if","locations":[{"start":{"line":133,"column":4},"end":{"line":135,"column":5}},{"start":{},"end":{}}],"line":133}},"s":{"0":1,"1":3,"2":3,"3":3,"4":3,"5":2,"6":1,"7":1,"8":1,"9":1,"10":0,"11":1,"12":0,"13":0,"14":0,"15":0,"16":0,"17":0,"18":0,"19":1,"20":0,"21":0,"22":0,"23":0,"24":1,"25":0,"26":0,"27":0,"28":0,"29":0,"30":0,"31":0,"32":0,"33":1,"34":0,"35":0,"36":0,"37":0,"38":0,"39":0,"40":0},"f":{"0":3,"1":0,"2":0,"3":0,"4":0},"b":{"0":[2,1],"1":[0,0],"2":[0,0],"3":[0,0]},"_coverageSchema":"1a1c01bbd47fc00a2c39e90264f33305004495a9","hash":"609d222cd922cbcf321a6c022a862b2e01e88937"}
,"/Users/shivamujjainwal/Documents/Documents - Shivam’s MacBook Pro/Centennial Software Engineering Technology/semester 3/Software Development Project 1/academic-management-platform/academic-management-platform-backend/src/models/user.js": {"path":"/Users/shivamujjainwal/Documents/Documents - Shivam’s MacBook Pro/Centennial Software Engineering Technology/semester 3/Software Development Project 1/academic-management-platform/academic-management-platform-backend/src/models/user.js","statementMap":{"0":{"start":{"line":2,"column":15},"end":{"line":2,"column":30}},"1":{"start":{"line":18,"column":19},"end":{"line":35,"column":2}},"2":{"start":{"line":37,"column":13},"end":{"line":37,"column":47}}},"fnMap":{},"branchMap":{},"s":{"0":1,"1":1,"2":1},"f":{},"b":{},"_coverageSchema":"1a1c01bbd47fc00a2c39e90264f33305004495a9","hash":"871b4533a5242b6b2ad3a5b1ce7a236fb4a17136"}
}
