TN:
SF:src/controllers/userController.js
FN:21,(anonymous_0)
FN:52,(anonymous_1)
FN:74,(anonymous_2)
FN:100,(anonymous_3)
FN:129,(anonymous_4)
FNF:5
FNH:1
FNDA:3,(anonymous_0)
FNDA:0,(anonymous_1)
FNDA:0,(anonymous_2)
FNDA:0,(anonymous_3)
FNDA:0,(anonymous_4)
DA:21,1
DA:22,3
DA:23,3
DA:26,3
DA:27,3
DA:28,2
DA:32,1
DA:33,1
DA:34,1
DA:35,1
DA:37,0
DA:52,1
DA:53,0
DA:54,0
DA:55,0
DA:56,0
DA:57,0
DA:59,0
DA:61,0
DA:74,1
DA:75,0
DA:76,0
DA:77,0
DA:79,0
DA:100,1
DA:101,0
DA:102,0
DA:103,0
DA:104,0
DA:109,0
DA:110,0
DA:112,0
DA:114,0
DA:129,1
DA:130,0
DA:131,0
DA:132,0
DA:133,0
DA:134,0
DA:136,0
DA:138,0
LF:41
LH:14
BRDA:27,0,0,2
BRDA:27,0,1,1
BRDA:56,1,0,0
BRDA:56,1,1,0
BRDA:109,2,0,0
BRDA:109,2,1,0
BRDA:133,3,0,0
BRDA:133,3,1,0
BRF:8
BRH:2
end_of_record
TN:
SF:src/models/user.js
FNF:0
FNH:0
DA:2,1
DA:18,1
DA:37,1
LF:3
LH:3
BRF:0
BRH:0
end_of_record
